-------------------------------------------------------------------------------
Test set: com.example.testing.service.UserServiceTest
-------------------------------------------------------------------------------
Tests run: 1, Failures: 1, Errors: 0, Skipped: 0, Time elapsed: 0.004 s <<< FAILURE! - in com.example.testing.service.UserServiceTest
test  Time elapsed: 0.004 s  <<< FAILURE!
org.opentest4j.AssertionFailedError: User is empty ==> expected: <false> but was: <true>
	at com.example.testing.service.UserServiceTest.test(UserServiceTest.java:18)

