<?xml version="1.0" encoding="UTF-8"?>
<testsuite xmlns:xsi="http://www.w3.org/2001/XMLSchema-instance" xsi:noNamespaceSchemaLocation="https://maven.apache.org/surefire/maven-surefire-plugin/xsd/surefire-test-report.xsd" name="com.example.testing.service.UserServiceTest" time="0.004" tests="1" errors="0" skipped="0" failures="1">
  <properties>
[...]
</properties>
  <testcase name="test" classname="com.example.testing.service.UserServiceTest" time="0.004">
    <failure message="User is empty ==&gt; expected: &lt;false&gt; but was: &lt;true&gt;" type="org.opentest4j.AssertionFailedError"><![CDATA[org.opentest4j.AssertionFailedError: User is empty ==> expected: <false> but was: <true>
	at com.example.testing.service.UserServiceTest.test(UserServiceTest.java:18)
]]></failure>
  </testcase>
</testsuite>